2025-07-31 15:39:05 info: Congratulations, your extension "Embold" is now active!
2025-07-31 15:39:05 info: ************* init ****************
2025-07-31 15:39:05 info: tempDirectory : /Users/nilesh/.vscode/extensions/embold-vscode.embold-0.3.1/temp
2025-07-31 15:39:06 error: SQLITE_ERROR: no such table: issues
2025-07-31 15:39:07 info: Extraction complete for source: /Users/nilesh/.vscode/extensions/embold-vscode.embold-0.3.1/resources/embold-scanner-archive.zip, destination: /Users/nilesh/.vscode/extensions/embold-vscode.embold-0.3.1/temp
2025-07-31 15:39:07 info: Extension installed on machine OS : darwin
2025-07-31 15:39:07 info: Fetched the issues from DB
2025-07-31 15:39:07 info: Embold extension version response:{"hasSupport":false,"version":"0.2.1","changeNotes":"<div> <p>Release Date: 30 Apr, 2025 <br><span>Bug fixes and improvements.</span></p> </div>"}
2025-07-31 15:39:07 info: Current installed embold extension version : 0.3.1
2025-07-31 15:39:07 info: Latest embold extension version on marketplace : 0.2.1
2025-07-31 15:39:07 info: Current extension version: 0.3.1
2025-07-31 15:39:07 info: Stored extension version: 0.3.1
2025-07-31 15:39:07 info: No new installation or upgrade detected. Skipping plugin activation tracking.
2025-07-31 15:39:11 info: Java version installed on machine : 
java version "18.0.2.1" 2022-08-18
Java(TM) SE Runtime Environment (build 18.0.2.1+1-1)
Java HotSpot(TM) 64-Bit Server VM (build 18.0.2.1+1-1, mixed mode, sharing)

2025-07-31 15:39:11 info: Java installed on machine.
2025-07-31 15:45:09 info: Row(s) deleted
2025-07-31 15:45:33 info: Row(s) deleted
2025-07-31 15:45:34 info: Row(s) deleted
2025-07-31 15:45:34 info: Row(s) deleted
2025-07-31 15:46:41 info: Row(s) deleted
